build/outputs/logs/manifest-merger-fdroid-debug-report.txt
-- Merging decision tree log ---
manifest
ADDED from src/main/AndroidManifest.xml:19:1-158:12
	package
		ADDED from src/main/AndroidManifest.xml:21:5-37
		INJECTED from src/main/AndroidManifest.xml
		INJECTED from src/main/AndroidManifest.xml
	android:versionName
		ADDED from src/main/AndroidManifest.xml:23:5-32
		INJECTED from src/main/AndroidManifest.xml
		INJECTED from src/main/AndroidManifest.xml
	xmlns:tools
		ADDED from src/main/AndroidManifest.xml:20:5-51
	android:versionCode
		ADDED from src/main/AndroidManifest.xml:22:5-29
		INJECTED from src/main/AndroidManifest.xml
		INJECTED from src/main/AndroidManifest.xml
	xmlns:android
		ADDED from src/main/AndroidManifest.xml:19:11-69
uses-sdk
ADDED from src/main/AndroidManifest.xml:25:5-27:41
MERGED from [com.android.support:design:23.2.1] AndroidManifest.xml:20:5-43
MERGED from [com.android.support:support-v4:23.2.1] AndroidManifest.xml:20:5-43
MERGED from [com.android.support:appcompat-v7:23.2.1] AndroidManifest.xml:21:5-23:78
MERGED from [com.android.support:support-v4:23.2.1] AndroidManifest.xml:20:5-43
MERGED from [com.android.support:animated-vector-drawable:23.2.1] AndroidManifest.xml:5:5-44
MERGED from [com.android.support:support-vector-drawable:23.2.1] AndroidManifest.xml:5:5-43
MERGED from [com.android.support:support-v4:23.2.1] AndroidManifest.xml:20:5-43
MERGED from [com.android.support:support-vector-drawable:23.2.1] AndroidManifest.xml:5:5-43
MERGED from [com.android.support:support-v4:23.2.1] AndroidManifest.xml:20:5-43
MERGED from [com.android.support:recyclerview-v7:23.2.1] AndroidManifest.xml:20:5-43
MERGED from [com.android.support:support-v4:23.2.1] AndroidManifest.xml:20:5-43
MERGED from [com.android.support:appcompat-v7:23.2.1] AndroidManifest.xml:21:5-23:78
MERGED from [com.android.support:support-v4:23.2.1] AndroidManifest.xml:20:5-43
MERGED from [com.android.support:animated-vector-drawable:23.2.1] AndroidManifest.xml:5:5-44
MERGED from [com.android.support:support-vector-drawable:23.2.1] AndroidManifest.xml:5:5-43
MERGED from [com.android.support:support-v4:23.2.1] AndroidManifest.xml:20:5-43
MERGED from [com.android.support:support-vector-drawable:23.2.1] AndroidManifest.xml:5:5-43
MERGED from [com.android.support:support-v4:23.2.1] AndroidManifest.xml:20:5-43
MERGED from [com.android.support:palette-v7:23.0.1] AndroidManifest.xml:20:5-43
MERGED from [com.android.support:support-v4:23.2.1] AndroidManifest.xml:20:5-43
MERGED from [com.android.support:cardview-v7:23.2.1] AndroidManifest.xml:20:5-43
MERGED from [org.sufficientlysecure:donations:2.3] AndroidManifest.xml:7:5-9:41
MERGED from [com.android.support:support-v4:23.2.1] AndroidManifest.xml:20:5-43
MERGED from [AmazeFileManager-master.libs:StickyHeadersRecyclerView:unspecified] AndroidManifest.xml:8:5-10:41
MERGED from [com.android.support:recyclerview-v7:23.2.1] AndroidManifest.xml:20:5-43
MERGED from [com.android.support:support-v4:23.2.1] AndroidManifest.xml:20:5-43
MERGED from [com.github.clans:fab:1.6.1] AndroidManifest.xml:8:5-10:41
MERGED from [com.github.afollestad.material-dialogs:core:0.8.5.5] AndroidManifest.xml:8:5-11:75
MERGED from [com.android.support:support-v4:23.2.1] AndroidManifest.xml:20:5-43
MERGED from [me.zhanghai.android.materialprogressbar:library:1.1.4] AndroidManifest.xml:11:5-13:41
MERGED from [com.android.support:appcompat-v7:23.2.1] AndroidManifest.xml:21:5-23:78
MERGED from [com.android.support:support-v4:23.2.1] AndroidManifest.xml:20:5-43
MERGED from [com.android.support:animated-vector-drawable:23.2.1] AndroidManifest.xml:5:5-44
MERGED from [com.android.support:support-vector-drawable:23.2.1] AndroidManifest.xml:5:5-43
MERGED from [com.android.support:support-v4:23.2.1] AndroidManifest.xml:20:5-43
MERGED from [com.android.support:support-vector-drawable:23.2.1] AndroidManifest.xml:5:5-43
MERGED from [com.android.support:support-v4:23.2.1] AndroidManifest.xml:20:5-43
MERGED from [com.android.support:appcompat-v7:23.2.1] AndroidManifest.xml:21:5-23:78
MERGED from [com.android.support:support-v4:23.2.1] AndroidManifest.xml:20:5-43
MERGED from [com.android.support:animated-vector-drawable:23.2.1] AndroidManifest.xml:5:5-44
MERGED from [com.android.support:support-vector-drawable:23.2.1] AndroidManifest.xml:5:5-43
MERGED from [com.android.support:support-v4:23.2.1] AndroidManifest.xml:20:5-43
MERGED from [com.android.support:support-vector-drawable:23.2.1] AndroidManifest.xml:5:5-43
MERGED from [com.android.support:support-v4:23.2.1] AndroidManifest.xml:20:5-43
MERGED from [com.android.support:recyclerview-v7:23.2.1] AndroidManifest.xml:20:5-43
MERGED from [com.android.support:support-v4:23.2.1] AndroidManifest.xml:20:5-43
MERGED from [com.google.android.gms:play-services-ads:8.4.0] AndroidManifest.xml:23:5-42
MERGED from [com.google.android.gms:play-services-basement:8.4.0] AndroidManifest.xml:18:5-42
MERGED from [com.android.support:support-v4:23.2.1] AndroidManifest.xml:20:5-43
	tools:overrideLibrary
		ADDED from [com.android.support:appcompat-v7:23.2.1] AndroidManifest.xml:23:9-75
	android:targetSdkVersion
		ADDED from src/main/AndroidManifest.xml:27:9-38
		INJECTED from src/main/AndroidManifest.xml
		INJECTED from src/main/AndroidManifest.xml
	android:minSdkVersion
		ADDED from src/main/AndroidManifest.xml:26:9-35
		INJECTED from src/main/AndroidManifest.xml
		INJECTED from src/main/AndroidManifest.xml
uses-permission#android.permission.ACCESS_WIFI_STATE
ADDED from src/main/AndroidManifest.xml:29:5-76
	android:name
		ADDED from src/main/AndroidManifest.xml:29:22-73
uses-permission#android.permission.ACCESS_NETWORK_STATE
ADDED from src/main/AndroidManifest.xml:30:5-79
MERGED from [com.google.android.gms:play-services-ads:8.4.0] AndroidManifest.xml:21:5-78
	android:name
		ADDED from src/main/AndroidManifest.xml:30:22-76
uses-permission#android.permission.WRITE_EXTERNAL_STORAGE
ADDED from src/main/AndroidManifest.xml:31:5-81
	android:name
		ADDED from src/main/AndroidManifest.xml:31:22-78
uses-permission#android.permission.ACCESS_SUPERUSER
ADDED from src/main/AndroidManifest.xml:32:5-75
	android:name
		ADDED from src/main/AndroidManifest.xml:32:22-72
uses-permission#com.android.launcher.permission.INSTALL_SHORTCUT
ADDED from src/main/AndroidManifest.xml:33:5-88
	android:name
		ADDED from src/main/AndroidManifest.xml:33:22-85
uses-permission#android.permission.INTERNET
ADDED from src/main/AndroidManifest.xml:34:5-67
MERGED from [com.google.android.gms:play-services-ads:8.4.0] AndroidManifest.xml:20:5-66
	android:name
		ADDED from src/main/AndroidManifest.xml:34:22-64
uses-permission#android.permission.READ_PHONE_STATE
ADDED from src/main/AndroidManifest.xml:35:5-75
	android:name
		ADDED from src/main/AndroidManifest.xml:35:22-72
uses-permission#android.permission.READ_EXTERNAL_STORAGE
ADDED from src/main/AndroidManifest.xml:36:5-80
	android:name
		ADDED from src/main/AndroidManifest.xml:36:22-77
uses-feature#android.hardware.touchscreen
ADDED from src/main/AndroidManifest.xml:38:5-40:36
	android:required
		ADDED from src/main/AndroidManifest.xml:40:9-33
	android:name
		ADDED from src/main/AndroidManifest.xml:39:9-52
application
ADDED from src/main/AndroidManifest.xml:42:5-156:19
MERGED from [com.android.support:design:23.2.1] AndroidManifest.xml:22:5-20
MERGED from [com.android.support:support-v4:23.2.1] AndroidManifest.xml:22:5-20
MERGED from [com.android.support:appcompat-v7:23.2.1] AndroidManifest.xml:25:5-20
MERGED from [com.android.support:support-v4:23.2.1] AndroidManifest.xml:22:5-20
MERGED from [com.android.support:animated-vector-drawable:23.2.1] AndroidManifest.xml:7:5-20
MERGED from [com.android.support:support-vector-drawable:23.2.1] AndroidManifest.xml:7:5-20
MERGED from [com.android.support:support-v4:23.2.1] AndroidManifest.xml:22:5-20
MERGED from [com.android.support:support-vector-drawable:23.2.1] AndroidManifest.xml:7:5-20
MERGED from [com.android.support:support-v4:23.2.1] AndroidManifest.xml:22:5-20
MERGED from [com.android.support:support-v4:23.2.1] AndroidManifest.xml:22:5-20
MERGED from [com.android.support:appcompat-v7:23.2.1] AndroidManifest.xml:25:5-20
MERGED from [com.android.support:support-v4:23.2.1] AndroidManifest.xml:22:5-20
MERGED from [com.android.support:animated-vector-drawable:23.2.1] AndroidManifest.xml:7:5-20
MERGED from [com.android.support:support-vector-drawable:23.2.1] AndroidManifest.xml:7:5-20
MERGED from [com.android.support:support-v4:23.2.1] AndroidManifest.xml:22:5-20
MERGED from [com.android.support:support-vector-drawable:23.2.1] AndroidManifest.xml:7:5-20
MERGED from [com.android.support:support-v4:23.2.1] AndroidManifest.xml:22:5-20
MERGED from [com.android.support:palette-v7:23.0.1] AndroidManifest.xml:22:5-23:19
MERGED from [com.android.support:support-v4:23.2.1] AndroidManifest.xml:22:5-20
MERGED from [com.android.support:cardview-v7:23.2.1] AndroidManifest.xml:22:5-20
MERGED from [org.sufficientlysecure:donations:2.3] AndroidManifest.xml:11:5-20
MERGED from [com.android.support:support-v4:23.2.1] AndroidManifest.xml:22:5-20
MERGED from [AmazeFileManager-master.libs:StickyHeadersRecyclerView:unspecified] AndroidManifest.xml:12:5-20
MERGED from [com.android.support:support-v4:23.2.1] AndroidManifest.xml:22:5-20
MERGED from [com.github.clans:fab:1.6.1] AndroidManifest.xml:12:5-20
MERGED from [com.github.afollestad.material-dialogs:core:0.8.5.5] AndroidManifest.xml:13:5-20
MERGED from [com.android.support:support-v4:23.2.1] AndroidManifest.xml:22:5-20
MERGED from [com.android.support:appcompat-v7:23.2.1] AndroidManifest.xml:25:5-20
MERGED from [com.android.support:support-v4:23.2.1] AndroidManifest.xml:22:5-20
MERGED from [com.android.support:animated-vector-drawable:23.2.1] AndroidManifest.xml:7:5-20
MERGED from [com.android.support:support-vector-drawable:23.2.1] AndroidManifest.xml:7:5-20
MERGED from [com.android.support:support-v4:23.2.1] AndroidManifest.xml:22:5-20
MERGED from [com.android.support:support-vector-drawable:23.2.1] AndroidManifest.xml:7:5-20
MERGED from [com.android.support:support-v4:23.2.1] AndroidManifest.xml:22:5-20
MERGED from [com.android.support:appcompat-v7:23.2.1] AndroidManifest.xml:25:5-20
MERGED from [com.android.support:support-v4:23.2.1] AndroidManifest.xml:22:5-20
MERGED from [com.android.support:animated-vector-drawable:23.2.1] AndroidManifest.xml:7:5-20
MERGED from [com.android.support:support-vector-drawable:23.2.1] AndroidManifest.xml:7:5-20
MERGED from [com.android.support:support-v4:23.2.1] AndroidManifest.xml:22:5-20
MERGED from [com.android.support:support-vector-drawable:23.2.1] AndroidManifest.xml:7:5-20
MERGED from [com.android.support:support-v4:23.2.1] AndroidManifest.xml:22:5-20
MERGED from [com.android.support:support-v4:23.2.1] AndroidManifest.xml:22:5-20
MERGED from [com.google.android.gms:play-services-ads:8.4.0] AndroidManifest.xml:24:5-32:19
MERGED from [com.google.android.gms:play-services-basement:8.4.0] AndroidManifest.xml:20:5-24:19
MERGED from [com.android.support:support-v4:23.2.1] AndroidManifest.xml:22:5-20
	android:label
		ADDED from src/main/AndroidManifest.xml:44:9-44
	android:icon
		ADDED from src/main/AndroidManifest.xml:43:9-43
	tools:replace
		ADDED from src/main/AndroidManifest.xml:45:9-38
activity#com.igniva.filemanager.activities.MainActivity
ADDED from src/main/AndroidManifest.xml:46:9-76:20
	android:label
		ADDED from src/main/AndroidManifest.xml:48:13-41
	android:launchMode
		ADDED from src/main/AndroidManifest.xml:49:13-48
	android:theme
		ADDED from src/main/AndroidManifest.xml:50:13-50
	android:name
		ADDED from src/main/AndroidManifest.xml:47:13-52
intent-filter#android.intent.action.MAIN+android.intent.category.LAUNCHER
ADDED from src/main/AndroidManifest.xml:51:13-55:29
action#android.intent.action.MAIN
ADDED from src/main/AndroidManifest.xml:52:17-69
	android:name
		ADDED from src/main/AndroidManifest.xml:52:25-66
category#android.intent.category.LAUNCHER
ADDED from src/main/AndroidManifest.xml:54:17-77
	android:name
		ADDED from src/main/AndroidManifest.xml:54:27-74
intent-filter#android.intent.action.GET_CONTENT+android.intent.category.DEFAULT+android.intent.category.OPENABLE
ADDED from src/main/AndroidManifest.xml:56:13-63:29
action#android.intent.action.GET_CONTENT
ADDED from src/main/AndroidManifest.xml:57:17-76
	android:name
		ADDED from src/main/AndroidManifest.xml:57:25-73
data
ADDED from src/main/AndroidManifest.xml:59:17-48
	android:mimeType
		ADDED from src/main/AndroidManifest.xml:59:23-45
category#android.intent.category.OPENABLE
ADDED from src/main/AndroidManifest.xml:61:17-77
	android:name
		ADDED from src/main/AndroidManifest.xml:61:27-74
category#android.intent.category.DEFAULT
ADDED from src/main/AndroidManifest.xml:62:17-76
	android:name
		ADDED from src/main/AndroidManifest.xml:62:27-73
intent-filter#android.intent.action.RINGTONE_PICKER+android.intent.category.DEFAULT
ADDED from src/main/AndroidManifest.xml:64:13-68:29
action#android.intent.action.RINGTONE_PICKER
ADDED from src/main/AndroidManifest.xml:65:17-80
	android:name
		ADDED from src/main/AndroidManifest.xml:65:25-77
intent-filter#android.intent.action.VIEW+android.intent.category.DEFAULT
ADDED from src/main/AndroidManifest.xml:69:13-75:29
action#android.intent.action.VIEW
ADDED from src/main/AndroidManifest.xml:70:17-69
	android:name
		ADDED from src/main/AndroidManifest.xml:70:25-66
activity#com.igniva.filemanager.activities.Preferences
ADDED from src/main/AndroidManifest.xml:77:9-87:20
	android:label
		ADDED from src/main/AndroidManifest.xml:79:13-44
	android:uiOptions
		ADDED from src/main/AndroidManifest.xml:81:13-57
	android:theme
		ADDED from src/main/AndroidManifest.xml:80:13-50
	android:name
		ADDED from src/main/AndroidManifest.xml:78:13-51
intent-filter#android.intent.action.APPLICATION_PREFERENCES+android.intent.category.DEFAULT
ADDED from src/main/AndroidManifest.xml:82:13-86:29
action#android.intent.action.APPLICATION_PREFERENCES
ADDED from src/main/AndroidManifest.xml:83:17-88
	android:name
		ADDED from src/main/AndroidManifest.xml:83:25-85
activity#com.igniva.filemanager.activities.TextReader
ADDED from src/main/AndroidManifest.xml:88:9-99:20
	android:label
		ADDED from src/main/AndroidManifest.xml:90:13-47
	android:theme
		ADDED from src/main/AndroidManifest.xml:91:13-50
	android:name
		ADDED from src/main/AndroidManifest.xml:89:13-50
activity#com.igniva.filemanager.activities.DbViewer
ADDED from src/main/AndroidManifest.xml:100:9-112:20
	android:screenOrientation
		ADDED from src/main/AndroidManifest.xml:103:13-47
	android:label
		ADDED from src/main/AndroidManifest.xml:102:13-51
	android:theme
		ADDED from src/main/AndroidManifest.xml:104:13-50
	android:name
		ADDED from src/main/AndroidManifest.xml:101:13-48
activity#com.igniva.filemanager.activities.AboutActivity
ADDED from src/main/AndroidManifest.xml:113:9-115:49
	android:theme
		ADDED from src/main/AndroidManifest.xml:115:13-46
	android:name
		ADDED from src/main/AndroidManifest.xml:114:13-53
service#com.igniva.filemanager.services.ExtractService
ADDED from src/main/AndroidManifest.xml:117:9-119:42
	android:label
		ADDED from src/main/AndroidManifest.xml:119:13-39
	android:name
		ADDED from src/main/AndroidManifest.xml:118:13-52
service#com.igniva.filemanager.services.ZipTask
ADDED from src/main/AndroidManifest.xml:120:9-122:43
	android:label
		ADDED from src/main/AndroidManifest.xml:122:13-40
	android:name
		ADDED from src/main/AndroidManifest.xml:121:13-45
service#com.igniva.filemanager.services.CopyService
ADDED from src/main/AndroidManifest.xml:123:9-126:40
	android:process
		ADDED from src/main/AndroidManifest.xml:126:13-37
	android:label
		ADDED from src/main/AndroidManifest.xml:125:13-36
	android:name
		ADDED from src/main/AndroidManifest.xml:124:13-49
service#com.igniva.filemanager.services.ftpservice.FTPService
ADDED from src/main/AndroidManifest.xml:127:9-130:39
	android:enabled
		ADDED from src/main/AndroidManifest.xml:129:13-35
	android:exported
		ADDED from src/main/AndroidManifest.xml:130:13-36
	android:name
		ADDED from src/main/AndroidManifest.xml:128:13-59
receiver#com.igniva.filemanager.services.ftpservice.FTPReceiver
ADDED from src/main/AndroidManifest.xml:132:9-139:20
	android:exported
		ADDED from src/main/AndroidManifest.xml:134:13-36
	android:name
		ADDED from src/main/AndroidManifest.xml:133:13-60
intent-filter#com.igniva.filemanager.services.ftpservice.FTPReceiver.ACTION_START_FTPSERVER+com.igniva.filemanager.services.ftpservice.FTPReceiver.ACTION_STOP_FTPSERVER
ADDED from src/main/AndroidManifest.xml:135:13-138:29
action#com.igniva.filemanager.services.ftpservice.FTPReceiver.ACTION_START_FTPSERVER
ADDED from src/main/AndroidManifest.xml:136:17-120
	android:name
		ADDED from src/main/AndroidManifest.xml:136:25-117
action#com.igniva.filemanager.services.ftpservice.FTPReceiver.ACTION_STOP_FTPSERVER
ADDED from src/main/AndroidManifest.xml:137:17-119
	android:name
		ADDED from src/main/AndroidManifest.xml:137:25-116
receiver#com.igniva.filemanager.ui.notifications.FTPNotification
ADDED from src/main/AndroidManifest.xml:140:9-147:20
	android:exported
		ADDED from src/main/AndroidManifest.xml:142:13-36
	android:name
		ADDED from src/main/AndroidManifest.xml:141:13-61
intent-filter#com.igniva.filemanager.services.ftpservice.FTPReceiver.FTPSERVER_STARTED+com.igniva.filemanager.services.ftpservice.FTPReceiver.FTPSERVER_STOPPED
ADDED from src/main/AndroidManifest.xml:143:13-146:29
action#com.igniva.filemanager.services.ftpservice.FTPReceiver.FTPSERVER_STARTED
ADDED from src/main/AndroidManifest.xml:144:17-115
	android:name
		ADDED from src/main/AndroidManifest.xml:144:25-112
action#com.igniva.filemanager.services.ftpservice.FTPReceiver.FTPSERVER_STOPPED
ADDED from src/main/AndroidManifest.xml:145:17-115
	android:name
		ADDED from src/main/AndroidManifest.xml:145:25-112
activity#com.igniva.filemanager.activities.AdActivity
ADDED from src/main/AndroidManifest.xml:149:9-154:20
	android:configChanges
		ADDED from src/main/AndroidManifest.xml:151:13-122
	android:theme
		ADDED from src/main/AndroidManifest.xml:152:13-63
	android:name
		ADDED from src/main/AndroidManifest.xml:150:13-50
activity#com.igniva.filemanager.activities.SecondActivity
ADDED from src/main/AndroidManifest.xml:155:9-72
	android:name
		ADDED from src/main/AndroidManifest.xml:155:19-60
activity#com.google.android.gms.ads.AdActivity
ADDED from [com.google.android.gms:play-services-ads:8.4.0] AndroidManifest.xml:26:9-29:64
	android:configChanges
		ADDED from [com.google.android.gms:play-services-ads:8.4.0] AndroidManifest.xml:28:13-122
	android:theme
		ADDED from [com.google.android.gms:play-services-ads:8.4.0] AndroidManifest.xml:29:13-61
	android:name
		ADDED from [com.google.android.gms:play-services-ads:8.4.0] AndroidManifest.xml:27:13-65
activity#com.google.android.gms.ads.purchase.InAppPurchaseActivity
ADDED from [com.google.android.gms:play-services-ads:8.4.0] AndroidManifest.xml:30:9-31:52
	android:theme
		ADDED from [com.google.android.gms:play-services-ads:8.4.0] AndroidManifest.xml:31:13-50
	android:name
		ADDED from [com.google.android.gms:play-services-ads:8.4.0] AndroidManifest.xml:30:19-91
meta-data#com.google.android.gms.version
ADDED from [com.google.android.gms:play-services-basement:8.4.0] AndroidManifest.xml:21:9-23:69
	android:value
		ADDED from [com.google.android.gms:play-services-basement:8.4.0] AndroidManifest.xml:23:13-66
	android:name
		ADDED from [com.google.android.gms:play-services-basement:8.4.0] AndroidManifest.xml:22:13-58